<?xml version="1.0" encoding="UTF-8"?>
<!-- Generated by org.testng.reporters.JUnitReportReporter -->
<testsuite hostname="DESKTOP-VABIGQ2" failures="0" tests="57" name="TestCases.LoanTenureCalculatorUICheck" time="61.550" errors="0" timestamp="2024-02-16T15:40:42 IST" skipped="0">
  <testcase classname="TestCases.LoanTenureCalculatorUICheck" name="clickOnCarLoanLink" time="0.368"/>
  <testcase classname="TestCases.LoanTenureCalculatorUICheck" name="setCarAmount" time="0.666"/>
  <testcase classname="TestCases.LoanTenureCalculatorUICheck" name="setInterestRate" time="0.673"/>
  <testcase classname="TestCases.LoanTenureCalculatorUICheck" name="setLoanTenure" time="0.652"/>
  <testcase classname="TestCases.LoanTenureCalculatorUICheck" name="clickOnyear" time="0.110"/>
  <testcase classname="TestCases.LoanTenureCalculatorUICheck" name="readData" time="0.087"/>
  <testcase classname="TestCases.LoanTenureCalculatorUICheck" name="calculatorsDropDownValidation" time="0.117"/>
  <testcase classname="TestCases.LoanTenureCalculatorUICheck" name="homeLoanEmiCalculatorValidation" time="11.579"/>
  <testcase classname="TestCases.LoanTenureCalculatorUICheck" name="validateHomeValueInputfield" time="3.596"/>
  <testcase classname="TestCases.LoanTenureCalculatorUICheck" name="validateDownPaymentInputFieldInPercentage" time="3.399"/>
  <testcase classname="TestCases.LoanTenureCalculatorUICheck" name="validateDownPaymentRupeesButton" time="0.249"/>
  <testcase classname="TestCases.LoanTenureCalculatorUICheck" name="validateLoanInsuranceInputField" time="3.326"/>
  <testcase classname="TestCases.LoanTenureCalculatorUICheck" name="validateInterestRateInputField" time="0.137"/>
  <testcase classname="TestCases.LoanTenureCalculatorUICheck" name="validateLoanTenureInputField" time="0.254"/>
  <testcase classname="TestCases.LoanTenureCalculatorUICheck" name="validateLoanTenureMonthsButton" time="0.220"/>
  <testcase classname="TestCases.LoanTenureCalculatorUICheck" name="validateLoanChargesInputField" time="4.184"/>
  <testcase classname="TestCases.LoanTenureCalculatorUICheck" name="validateLoanChargesRupeesButtonElement" time="0.163"/>
  <testcase classname="TestCases.LoanTenureCalculatorUICheck" name="validateLoanStartMonthAndYearField" time="0.113"/>
  <testcase classname="TestCases.LoanTenureCalculatorUICheck" name="validateLoanStartMonthAndYearInputField" time="0.509"/>
  <testcase classname="TestCases.LoanTenureCalculatorUICheck" name="validateOneTimeExpensesInputField" time="0.107"/>
  <testcase classname="TestCases.LoanTenureCalculatorUICheck" name="validateOneTimeExpensesRupeesButton" time="3.154"/>
  <testcase classname="TestCases.LoanTenureCalculatorUICheck" name="validatePropertyTaxesPerYearInputField" time="0.130"/>
  <testcase classname="TestCases.LoanTenureCalculatorUICheck" name="validatePropertyTaxesPerYearRupeesButton" time="3.187"/>
  <testcase classname="TestCases.LoanTenureCalculatorUICheck" name="validateHomeInsurancePerYearInputField" time="0.118"/>
  <testcase classname="TestCases.LoanTenureCalculatorUICheck" name="validateHomeInsurancePerYearRupeesButton" time="3.166"/>
  <testcase classname="TestCases.LoanTenureCalculatorUICheck" name="validateMaintenanceExpensesPerMonthInputField" time="0.157"/>
  <testcase classname="TestCases.LoanTenureCalculatorUICheck" name="printAllTheData" time="8.695"/>
  <testcase classname="TestCases.LoanTenureCalculatorUICheck" name="calculatorsDropDownValidationFromHomeLoan" time="0.163"/>
  <testcase classname="TestCases.LoanTenureCalculatorUICheck" name="emiCalculatorPageValidation" time="1.261"/>
  <testcase classname="TestCases.LoanTenureCalculatorUICheck" name="validateEmiCalculatorLink" time="0.038"/>
  <testcase classname="TestCases.LoanTenureCalculatorUICheck" name="verifyEmiCalculatorLoanAmountInputFieldPresence" time="0.026"/>
  <testcase classname="TestCases.LoanTenureCalculatorUICheck" name="validateEmiCalculatorLoanAmountInputFieldByPassingValue" time="0.310"/>
  <testcase classname="TestCases.LoanTenureCalculatorUICheck" name="verifyEmiCalculatorInterestRateInputFieldPresence" time="0.027"/>
  <testcase classname="TestCases.LoanTenureCalculatorUICheck" name="validateEmiCalculatorInterestRateInputFieldByPassingValue" time="0.348"/>
  <testcase classname="TestCases.LoanTenureCalculatorUICheck" name="verifyEmiCalculatorLoanTenureInputFieldPresence" time="0.030"/>
  <testcase classname="TestCases.LoanTenureCalculatorUICheck" name="validateEmiCalculatorLoanTenureInputFieldByPassingValue" time="0.340"/>
  <testcase classname="TestCases.LoanTenureCalculatorUICheck" name="validateEmiCalculatorLoanTenureMonthButton" time="3.284"/>
  <testcase classname="TestCases.LoanTenureCalculatorUICheck" name="verifyEmiCalculatorLoanChargesInputFieldPresence" time="0.037"/>
  <testcase classname="TestCases.LoanTenureCalculatorUICheck" name="validateEmiCalculatorLoanChargesInputFieldByPassingValue" time="0.327"/>
  <testcase classname="TestCases.LoanTenureCalculatorUICheck" name="validateLoanAmountCalculatorLink" time="0.183"/>
  <testcase classname="TestCases.LoanTenureCalculatorUICheck" name="verifyEmiInputFieldPresence" time="0.033"/>
  <testcase classname="TestCases.LoanTenureCalculatorUICheck" name="verifyEmiInputFieldByPassingValue" time="0.344"/>
  <testcase classname="TestCases.LoanTenureCalculatorUICheck" name="verifyLoanAmountInterestRateInputFieldPresence" time="0.032"/>
  <testcase classname="TestCases.LoanTenureCalculatorUICheck" name="validateLoanAmountInterestRateInputFieldByPassingValue" time="0.359"/>
  <testcase classname="TestCases.LoanTenureCalculatorUICheck" name="verifyLoanAmountTenureInputFieldPresence" time="0.030"/>
  <testcase classname="TestCases.LoanTenureCalculatorUICheck" name="validateLoanAmountTenureInputFieldByPassingValue" time="0.300"/>
  <testcase classname="TestCases.LoanTenureCalculatorUICheck" name="validateLoanAmountLoanTenureMonthButton" time="3.328"/>
  <testcase classname="TestCases.LoanTenureCalculatorUICheck" name="verifyLoanAmountLoanChargesInputFieldPresence" time="0.051"/>
  <testcase classname="TestCases.LoanTenureCalculatorUICheck" name="validateLoanAmountLoanChargesInputFieldByPassingValue" time="0.301"/>
  <testcase classname="TestCases.LoanTenureCalculatorUICheck" name="validateLoanTenureCalculatorLink" time="0.171"/>
  <testcase classname="TestCases.LoanTenureCalculatorUICheck" name="verifyLoanTenureLoanAmountInputFieldPresence" time="0.025"/>
  <testcase classname="TestCases.LoanTenureCalculatorUICheck" name="validateLoanTenureLoanAmountInputFieldByPassingValue" time="0.382"/>
  <testcase classname="TestCases.LoanTenureCalculatorUICheck" name="verifyLoanTenureEmiInputFieldPresence" time="0.028"/>
  <testcase classname="TestCases.LoanTenureCalculatorUICheck" name="verifyLoanTenureInterestRateInputFieldPresence" time="0.027"/>
  <testcase classname="TestCases.LoanTenureCalculatorUICheck" name="validateLoanTenureInterestRateInputFieldByPassingValue" time="0.313"/>
  <testcase classname="TestCases.LoanTenureCalculatorUICheck" name="verifyLoanTenuteLoanChargesInputFieldPresence" time="0.025"/>
  <testcase classname="TestCases.LoanTenureCalculatorUICheck" name="validateLoanTenureLoanChargesInputFieldByValue" time="0.311"/>
</testsuite> <!-- TestCases.LoanTenureCalculatorUICheck -->
